Using pre-set license
Built from '2020.3/release' branch; Version is '2020.3.12f1 (b3b2c6512326) revision 11776710'; Using compiler version '192528614'; Build Type 'Release'
OS: 'Windows 10 Home; OS build 19041.1052; Version 2004; 64bit' Language: 'en' Physical Memory: 16244 MB
BatchMode: 1, IsHumanControllingUs: 0, StartBugReporterOnCrash: 0, Is64bit: 1, IsPro: 0

 COMMAND LINE ARGUMENTS:
E:\Program Files\Unity Hub\2020.3.12f1\Editor\Unity.exe
-adb2
-batchMode
-noUpm
-name
AssetImportWorker0
-projectPath
E:/Github/TheIsland2021/The Island
-logFile
Logs/AssetImportWorker0.log
-srvPort
57627
Successfully changed project path to: E:/Github/TheIsland2021/The Island
E:/Github/TheIsland2021/The Island
Using Asset Import Pipeline V2.
Refreshing native plugins compatible for Editor in 29.79 ms, found 2 plugins.
Preloading 0 native plugins for Editor in 0.00 ms.
Initialize engine version: 2020.3.12f1 (b3b2c6512326)
[Subsystems] Discovering subsystems at path E:/Program Files/Unity Hub/2020.3.12f1/Editor/Data/Resources/UnitySubsystems
[Subsystems] Discovering subsystems at path E:/Github/TheIsland2021/The Island/Assets
GfxDevice: creating device client; threaded=0
Direct3D:
    Version:  Direct3D 11.0 [level 11.1]
    Renderer: NVIDIA GeForce RTX 3060 Ti (ID=0x2486)
    Vendor:   
    VRAM:     8050 MB
    Driver:   27.21.14.6663
Initialize mono
Mono path[0] = 'E:/Program Files/Unity Hub/2020.3.12f1/Editor/Data/Managed'
Mono path[1] = 'E:/Program Files/Unity Hub/2020.3.12f1/Editor/Data/MonoBleedingEdge/lib/mono/unityjit'
Mono config path = 'E:/Program Files/Unity Hub/2020.3.12f1/Editor/Data/MonoBleedingEdge/etc'
Using monoOptions --debugger-agent=transport=dt_socket,embedding=1,server=y,suspend=n,address=127.0.0.1:56476
Begin MonoManager ReloadAssembly
Registering precompiled unity dll's ...
Register platform support module: E:/Program Files/Unity Hub/2020.3.12f1/Editor/Data/PlaybackEngines/WindowsStandaloneSupport/UnityEditor.WindowsStandalone.Extensions.dll
Registered in 0.000634 seconds.
Native extension for WindowsStandalone target not found
Refreshing native plugins compatible for Editor in 25.57 ms, found 2 plugins.
Preloading 0 native plugins for Editor in 0.00 ms.
Mono: successfully reloaded assembly
- Completed reload, in  0.541 seconds
Platform modules already initialized, skipping
Registering precompiled user dll's ...
Registered in 0.001932 seconds.
Begin MonoManager ReloadAssembly
Native extension for WindowsStandalone target not found
Refreshing native plugins compatible for Editor in 0.45 ms, found 2 plugins.
Preloading 0 native plugins for Editor in 0.00 ms.
Mono: successfully reloaded assembly
- Completed reload, in  0.695 seconds
Platform modules already initialized, skipping
========================================================================
Worker process is ready to serve import requests
Launched and connected shader compiler UnityShaderCompiler.exe after 0.06 seconds
Refreshing native plugins compatible for Editor in 0.43 ms, found 2 plugins.
Preloading 0 native plugins for Editor in 0.00 ms.
Unloading 1942 Unused Serialized files (Serialized files now loaded: 0)
System memory in use before: 80.1 MB.
System memory in use after: 80.2 MB.

Unloading 58 unused Assets to reduce memory usage. Loaded Objects now: 2345.
Total: 3.460400 ms (FindLiveObjects: 0.115700 ms CreateObjectMapping: 0.037000 ms MarkObjects: 3.242100 ms  DeleteObjects: 0.064400 ms)

AssetImportParameters requested are different than current active one (requested -> active):
  custom:framework-win-MediaFoundation: 216162199b28c13a410421893ffa2e32 -> 
  custom:video-decoder-ogg-theora: a1e56fd34408186e4bbccfd4996cb3dc -> 
  custom:container-muxer-webm: aa71ff27fc2769a1b78a27578f13a17b -> 
  custom:container-demuxer-webm: 4f35f7cbe854078d1ac9338744f61a02 -> 
  custom:container-demuxer-ogg: 62fdf1f143b41e24485cea50d1cbac27 -> 
  custom:video-encoder-webm-vp8: eb34c28f22e8b96e1ab97ce403110664 -> 
  custom:video-codec-MediaFoundation-h265: 746d11721c4dcdbdad8f713fa42b33f4 -> 
  custom:video-decoder-webm-vp8: 9c59270c3fd7afecdb556c50c9e8de78 -> 
  custom:audio-decoder-ogg-vorbis: bf7c407c2cedff20999df2af8eb42d56 -> 
  custom:audio-encoder-webm-vorbis: bf7c407c2cedff20999df2af8eb42d56 -> 
========================================================================
Received Import Request.
  path: Assets/Textures/TextureSheet.png
  artifactKey: Guid(8e8d6082c63098341bd776abf25bb877) Importer(815301076,1909f56bfc062723c751e8b465ee728b)
Start importing Assets/Textures/TextureSheet.png using Guid(8e8d6082c63098341bd776abf25bb877) Importer(815301076,1909f56bfc062723c751e8b465ee728b)  -> (artifact id: '508b7d36961344d882b6887125af94fb') in 0.109269 seconds 
  Import took 0.113250 seconds .

========================================================================
Received Import Request.
  Time since last request: 25.557823 seconds.
  path: Assets/Textures/TextureSheet.png
  artifactKey: Guid(8e8d6082c63098341bd776abf25bb877) Importer(815301076,1909f56bfc062723c751e8b465ee728b)
Start importing Assets/Textures/TextureSheet.png using Guid(8e8d6082c63098341bd776abf25bb877) Importer(815301076,1909f56bfc062723c751e8b465ee728b)  -> (artifact id: '829d6dff9951cde70cc2ffee14bb446f') in 0.014053 seconds 
  Import took 0.017439 seconds .

========================================================================
Received Import Request.
  Time since last request: 35.676972 seconds.
  path: Assets/Textures/TextureSheet.png
  artifactKey: Guid(8e8d6082c63098341bd776abf25bb877) Importer(815301076,1909f56bfc062723c751e8b465ee728b)
Start importing Assets/Textures/TextureSheet.png using Guid(8e8d6082c63098341bd776abf25bb877) Importer(815301076,1909f56bfc062723c751e8b465ee728b)  -> (artifact id: '8cc34904a085af69cd532eadebc3cadc') in 0.004316 seconds 
  Import took 0.006950 seconds .

========================================================================
Received Import Request.
  Time since last request: 41.584429 seconds.
  path: Assets/Textures/GRASS.prefab
  artifactKey: Guid(50f36ecbbae0ead4c97eabf86a22cba5) Importer(815301076,1909f56bfc062723c751e8b465ee728b)
Start importing Assets/Textures/GRASS.prefab using Guid(50f36ecbbae0ead4c97eabf86a22cba5) Importer(815301076,1909f56bfc062723c751e8b465ee728b)  -> (artifact id: '6b3b787ef52777a3f22228bed2898352') in 0.012159 seconds 
  Import took 0.015604 seconds .

========================================================================
Received Import Request.
  Time since last request: 15.681985 seconds.
  path: Assets/Textures/TextureSheet.png
  artifactKey: Guid(8e8d6082c63098341bd776abf25bb877) Importer(815301076,1909f56bfc062723c751e8b465ee728b)
Start importing Assets/Textures/TextureSheet.png using Guid(8e8d6082c63098341bd776abf25bb877) Importer(815301076,1909f56bfc062723c751e8b465ee728b)  -> (artifact id: 'c3184129d587539ed23d51966d8124bd') in 0.013686 seconds 
  Import took 0.016182 seconds .

========================================================================
Received Import Request.
  Time since last request: 38.370799 seconds.
  path: Assets/Textures/TextureSheet.png
  artifactKey: Guid(8e8d6082c63098341bd776abf25bb877) Importer(815301076,1909f56bfc062723c751e8b465ee728b)
Start importing Assets/Textures/TextureSheet.png using Guid(8e8d6082c63098341bd776abf25bb877) Importer(815301076,1909f56bfc062723c751e8b465ee728b)  -> (artifact id: 'd3229d88750aa3eed5a527bef090ceb1') in 0.008388 seconds 
  Import took 0.010919 seconds .

========================================================================
Received Import Request.
  Time since last request: 29.281044 seconds.
  path: Assets/Textures/TextureSheet.png
  artifactKey: Guid(8e8d6082c63098341bd776abf25bb877) Importer(815301076,1909f56bfc062723c751e8b465ee728b)
Start importing Assets/Textures/TextureSheet.png using Guid(8e8d6082c63098341bd776abf25bb877) Importer(815301076,1909f56bfc062723c751e8b465ee728b)  -> (artifact id: '3a7143bc94890bc71d75b8f86f5aa032') in 0.008130 seconds 
  Import took 0.010357 seconds .

========================================================================
Received Import Request.
  Time since last request: 3.989036 seconds.
  path: Packages/com.unity.2d.tilemap/Editor/Unity.2D.Tilemap.Editor.asmdef
  artifactKey: Guid(3a9781db4804a9945b9883f3a7c46d45) Importer(815301076,1909f56bfc062723c751e8b465ee728b)
Start importing Packages/com.unity.2d.tilemap/Editor/Unity.2D.Tilemap.Editor.asmdef using Guid(3a9781db4804a9945b9883f3a7c46d45) Importer(815301076,1909f56bfc062723c751e8b465ee728b)  -> (artifact id: '86df9f85098986b5c3bc9f164a1f4748') in 0.005747 seconds 
  Import took 0.009226 seconds .

========================================================================
Received Import Request.
  Time since last request: 248.461054 seconds.
  path: Assets/Textures/TextureSheet.png
  artifactKey: Guid(8e8d6082c63098341bd776abf25bb877) Importer(815301076,1909f56bfc062723c751e8b465ee728b)
Start importing Assets/Textures/TextureSheet.png using Guid(8e8d6082c63098341bd776abf25bb877) Importer(815301076,1909f56bfc062723c751e8b465ee728b)  -> (artifact id: '3d2a2ce8dd8d15ad771111fc1845d679') in 0.054020 seconds 
  Import took 0.058076 seconds .

========================================================================
Received Import Request.
  Time since last request: 11.395444 seconds.
  path: Assets/Textures/GRASS.prefab
  artifactKey: Guid(50f36ecbbae0ead4c97eabf86a22cba5) Importer(815301076,1909f56bfc062723c751e8b465ee728b)
Start importing Assets/Textures/GRASS.prefab using Guid(50f36ecbbae0ead4c97eabf86a22cba5) Importer(815301076,1909f56bfc062723c751e8b465ee728b)  -> (artifact id: '7f3a5685c87adfe6b5e70d61a667fda0') in 0.002681 seconds 
  Import took 0.005044 seconds .

========================================================================
Received Import Request.
  Time since last request: 0.000177 seconds.
  path: Assets/Textures/TextureSheet_1.asset
  artifactKey: Guid(b940e587f2001154188061d56a57ebc8) Importer(815301076,1909f56bfc062723c751e8b465ee728b)
Start importing Assets/Textures/TextureSheet_1.asset using Guid(b940e587f2001154188061d56a57ebc8) Importer(815301076,1909f56bfc062723c751e8b465ee728b)  -> (artifact id: 'd964254828d015253a2076b5d87bbcf1') in 0.017007 seconds 
  Import took 0.019596 seconds .

========================================================================
Received Import Request.
  Time since last request: 0.000147 seconds.
  path: Assets/Textures/TextureSheet_5.asset
  artifactKey: Guid(1ea9ef72029558d4eae08fe37197d49a) Importer(815301076,1909f56bfc062723c751e8b465ee728b)
Start importing Assets/Textures/TextureSheet_5.asset using Guid(1ea9ef72029558d4eae08fe37197d49a) Importer(815301076,1909f56bfc062723c751e8b465ee728b)  -> (artifact id: '722c9a83315bdb56a8619f46df1ceb32') in 0.007962 seconds 
  Import took 0.011229 seconds .

========================================================================
Received Import Request.
  Time since last request: 0.000157 seconds.
  path: Assets/Textures/TextureSheet_9.asset
  artifactKey: Guid(cf203632adcd15e438e4b2b665622f84) Importer(815301076,1909f56bfc062723c751e8b465ee728b)
Start importing Assets/Textures/TextureSheet_9.asset using Guid(cf203632adcd15e438e4b2b665622f84) Importer(815301076,1909f56bfc062723c751e8b465ee728b)  -> (artifact id: '843708686d630856c11f89104b051941') in 0.008834 seconds 
  Import took 0.011165 seconds .

========================================================================
Received Import Request.
  Time since last request: 0.000197 seconds.
  path: Assets/Textures/TextureSheet_0.asset
  artifactKey: Guid(6deaa1fb64b45af46b7f82f28171faf0) Importer(815301076,1909f56bfc062723c751e8b465ee728b)
Start importing Assets/Textures/TextureSheet_0.asset using Guid(6deaa1fb64b45af46b7f82f28171faf0) Importer(815301076,1909f56bfc062723c751e8b465ee728b)  -> (artifact id: '419a01632e2ffab22243b8a40b4b8386') in 0.015971 seconds 
  Import took 0.018857 seconds .

========================================================================
Received Import Request.
  Time since last request: 0.000161 seconds.
  path: Assets/Textures/TextureSheet_10.asset
  artifactKey: Guid(8b9364512db1bc04f803075d35134db5) Importer(815301076,1909f56bfc062723c751e8b465ee728b)
Start importing Assets/Textures/TextureSheet_10.asset using Guid(8b9364512db1bc04f803075d35134db5) Importer(815301076,1909f56bfc062723c751e8b465ee728b)  -> (artifact id: 'a0f35a552ccf71ea081c5b6118cf04ba') in 0.012605 seconds 
  Import took 0.015665 seconds .

========================================================================
Received Import Request.
  Time since last request: 0.000172 seconds.
  path: Assets/Textures/TextureSheet_3.asset
  artifactKey: Guid(f6c0e4dbad9898845ba620568f9300e6) Importer(815301076,1909f56bfc062723c751e8b465ee728b)
Start importing Assets/Textures/TextureSheet_3.asset using Guid(f6c0e4dbad9898845ba620568f9300e6) Importer(815301076,1909f56bfc062723c751e8b465ee728b)  -> (artifact id: 'cf3bcf517cd133b150619d11e1d508c5') in 0.013207 seconds 
  Import took 0.016398 seconds .

========================================================================
Received Import Request.
  Time since last request: 0.000146 seconds.
  path: Assets/Textures/TextureSheet_4.asset
  artifactKey: Guid(90c3feb7baccbb34cafd07d4d57bcce1) Importer(815301076,1909f56bfc062723c751e8b465ee728b)
Start importing Assets/Textures/TextureSheet_4.asset using Guid(90c3feb7baccbb34cafd07d4d57bcce1) Importer(815301076,1909f56bfc062723c751e8b465ee728b)  -> (artifact id: '5803f2b3fc78aafd235c371e2e404851') in 0.013182 seconds 
  Import took 0.015919 seconds .

========================================================================
Received Import Request.
  Time since last request: 0.000176 seconds.
  path: Assets/Textures/TextureSheet_8.asset
  artifactKey: Guid(68c11b00d97736d4a9497f95626e85c7) Importer(815301076,1909f56bfc062723c751e8b465ee728b)
Start importing Assets/Textures/TextureSheet_8.asset using Guid(68c11b00d97736d4a9497f95626e85c7) Importer(815301076,1909f56bfc062723c751e8b465ee728b)  -> (artifact id: '85bc45acd465020365a078422da33d2e') in 0.013029 seconds 
  Import took 0.015277 seconds .

========================================================================
Received Import Request.
  Time since last request: 0.000142 seconds.
  path: Assets/Textures/TextureSheet_2.asset
  artifactKey: Guid(44cb056a44a20cc4b8431b621371ffdc) Importer(815301076,1909f56bfc062723c751e8b465ee728b)
Start importing Assets/Textures/TextureSheet_2.asset using Guid(44cb056a44a20cc4b8431b621371ffdc) Importer(815301076,1909f56bfc062723c751e8b465ee728b)  -> (artifact id: '48a177d6742a6226923d22cbc133f5c8') in 0.007071 seconds 
  Import took 0.009267 seconds .

========================================================================
Received Import Request.
  Time since last request: 0.000140 seconds.
  path: Assets/Textures/TextureSheet_11.asset
  artifactKey: Guid(9cc16ff05fa773946939f1c41d444008) Importer(815301076,1909f56bfc062723c751e8b465ee728b)
Start importing Assets/Textures/TextureSheet_11.asset using Guid(9cc16ff05fa773946939f1c41d444008) Importer(815301076,1909f56bfc062723c751e8b465ee728b)  -> (artifact id: 'a8dafbd7d1ff9895970fb8aa0314cdd1') in 0.006762 seconds 
  Import took 0.009724 seconds .

========================================================================
Received Import Request.
  Time since last request: 0.000129 seconds.
  path: Assets/Textures/TextureSheet_7.asset
  artifactKey: Guid(4060d8ba9d44d08469a2554d4d870ed7) Importer(815301076,1909f56bfc062723c751e8b465ee728b)
Start importing Assets/Textures/TextureSheet_7.asset using Guid(4060d8ba9d44d08469a2554d4d870ed7) Importer(815301076,1909f56bfc062723c751e8b465ee728b)  -> (artifact id: '8e2e5cebe094285232f50a31e85cdcba') in 0.010574 seconds 
  Import took 0.013844 seconds .

========================================================================
Received Import Request.
  Time since last request: 0.000137 seconds.
  path: Assets/Textures/TextureSheet_6.asset
  artifactKey: Guid(487677821b0a9264e81b20c067638b9a) Importer(815301076,1909f56bfc062723c751e8b465ee728b)
Start importing Assets/Textures/TextureSheet_6.asset using Guid(487677821b0a9264e81b20c067638b9a) Importer(815301076,1909f56bfc062723c751e8b465ee728b)  -> (artifact id: '4f295d6c828a06ff82ebfa26a45d62d4') in 0.007105 seconds 
  Import took 0.009200 seconds .

========================================================================
Received Prepare
Registering precompiled user dll's ...
Registered in 0.001860 seconds.
Begin MonoManager ReloadAssembly
Native extension for WindowsStandalone target not found
Refreshing native plugins compatible for Editor in 0.46 ms, found 2 plugins.
Preloading 0 native plugins for Editor in 0.00 ms.
Mono: successfully reloaded assembly
- Completed reload, in  0.628 seconds
Platform modules already initialized, skipping
Refreshing native plugins compatible for Editor in 0.45 ms, found 2 plugins.
Preloading 0 native plugins for Editor in 0.00 ms.
Unloading 1936 Unused Serialized files (Serialized files now loaded: 0)
System memory in use before: 83.1 MB.
System memory in use after: 83.3 MB.

Unloading 49 unused Assets to reduce memory usage. Loaded Objects now: 2360.
Total: 3.160700 ms (FindLiveObjects: 0.116500 ms CreateObjectMapping: 0.038200 ms MarkObjects: 2.984200 ms  DeleteObjects: 0.020700 ms)

AssetImportParameters requested are different than current active one (requested -> active):
  custom:framework-win-MediaFoundation: 216162199b28c13a410421893ffa2e32 -> 
  custom:video-decoder-ogg-theora: a1e56fd34408186e4bbccfd4996cb3dc -> 
  custom:container-muxer-webm: aa71ff27fc2769a1b78a27578f13a17b -> 
  custom:container-demuxer-webm: 4f35f7cbe854078d1ac9338744f61a02 -> 
  custom:container-demuxer-ogg: 62fdf1f143b41e24485cea50d1cbac27 -> 
  custom:video-encoder-webm-vp8: eb34c28f22e8b96e1ab97ce403110664 -> 
  custom:video-codec-MediaFoundation-h265: 746d11721c4dcdbdad8f713fa42b33f4 -> 
  custom:video-decoder-webm-vp8: 9c59270c3fd7afecdb556c50c9e8de78 -> 
  custom:audio-decoder-ogg-vorbis: bf7c407c2cedff20999df2af8eb42d56 -> 
  custom:audio-encoder-webm-vorbis: bf7c407c2cedff20999df2af8eb42d56 -> 
========================================================================
Received Prepare
Registering precompiled user dll's ...
Registered in 0.002897 seconds.
Begin MonoManager ReloadAssembly
Native extension for WindowsStandalone target not found
Refreshing native plugins compatible for Editor in 0.47 ms, found 2 plugins.
Preloading 0 native plugins for Editor in 0.00 ms.
Mono: successfully reloaded assembly
- Completed reload, in  0.673 seconds
Platform modules already initialized, skipping
Refreshing native plugins compatible for Editor in 0.49 ms, found 2 plugins.
Preloading 0 native plugins for Editor in 0.00 ms.
Unloading 1936 Unused Serialized files (Serialized files now loaded: 0)
System memory in use before: 83.2 MB.
System memory in use after: 83.3 MB.

Unloading 49 unused Assets to reduce memory usage. Loaded Objects now: 2363.
Total: 3.919400 ms (FindLiveObjects: 0.136700 ms CreateObjectMapping: 0.044000 ms MarkObjects: 3.709800 ms  DeleteObjects: 0.027900 ms)

AssetImportParameters requested are different than current active one (requested -> active):
  custom:framework-win-MediaFoundation: 216162199b28c13a410421893ffa2e32 -> 
  custom:video-decoder-ogg-theora: a1e56fd34408186e4bbccfd4996cb3dc -> 
  custom:container-muxer-webm: aa71ff27fc2769a1b78a27578f13a17b -> 
  custom:container-demuxer-webm: 4f35f7cbe854078d1ac9338744f61a02 -> 
  custom:container-demuxer-ogg: 62fdf1f143b41e24485cea50d1cbac27 -> 
  custom:video-encoder-webm-vp8: eb34c28f22e8b96e1ab97ce403110664 -> 
  custom:video-codec-MediaFoundation-h265: 746d11721c4dcdbdad8f713fa42b33f4 -> 
  custom:video-decoder-webm-vp8: 9c59270c3fd7afecdb556c50c9e8de78 -> 
  custom:audio-decoder-ogg-vorbis: bf7c407c2cedff20999df2af8eb42d56 -> 
  custom:audio-encoder-webm-vorbis: bf7c407c2cedff20999df2af8eb42d56 -> 
========================================================================
Received Prepare
Registering precompiled user dll's ...
Registered in 0.001886 seconds.
Begin MonoManager ReloadAssembly
Native extension for WindowsStandalone target not found
Refreshing native plugins compatible for Editor in 0.47 ms, found 2 plugins.
Preloading 0 native plugins for Editor in 0.00 ms.
Mono: successfully reloaded assembly
- Completed reload, in  0.628 seconds
Platform modules already initialized, skipping
Refreshing native plugins compatible for Editor in 0.46 ms, found 2 plugins.
Preloading 0 native plugins for Editor in 0.00 ms.
Unloading 1936 Unused Serialized files (Serialized files now loaded: 0)
System memory in use before: 83.2 MB.
System memory in use after: 83.3 MB.

Unloading 49 unused Assets to reduce memory usage. Loaded Objects now: 2366.
Total: 3.064700 ms (FindLiveObjects: 0.116700 ms CreateObjectMapping: 0.036300 ms MarkObjects: 2.892200 ms  DeleteObjects: 0.018300 ms)

AssetImportParameters requested are different than current active one (requested -> active):
  custom:framework-win-MediaFoundation: 216162199b28c13a410421893ffa2e32 -> 
  custom:video-decoder-ogg-theora: a1e56fd34408186e4bbccfd4996cb3dc -> 
  custom:container-muxer-webm: aa71ff27fc2769a1b78a27578f13a17b -> 
  custom:container-demuxer-webm: 4f35f7cbe854078d1ac9338744f61a02 -> 
  custom:container-demuxer-ogg: 62fdf1f143b41e24485cea50d1cbac27 -> 
  custom:video-encoder-webm-vp8: eb34c28f22e8b96e1ab97ce403110664 -> 
  custom:video-codec-MediaFoundation-h265: 746d11721c4dcdbdad8f713fa42b33f4 -> 
  custom:video-decoder-webm-vp8: 9c59270c3fd7afecdb556c50c9e8de78 -> 
  custom:audio-decoder-ogg-vorbis: bf7c407c2cedff20999df2af8eb42d56 -> 
  custom:audio-encoder-webm-vorbis: bf7c407c2cedff20999df2af8eb42d56 -> 
========================================================================
Received Prepare
Registering precompiled user dll's ...
Registered in 0.001919 seconds.
Begin MonoManager ReloadAssembly
Native extension for WindowsStandalone target not found
Refreshing native plugins compatible for Editor in 0.46 ms, found 2 plugins.
Preloading 0 native plugins for Editor in 0.00 ms.
Mono: successfully reloaded assembly
- Completed reload, in  0.629 seconds
Platform modules already initialized, skipping
Refreshing native plugins compatible for Editor in 0.47 ms, found 2 plugins.
Preloading 0 native plugins for Editor in 0.00 ms.
Unloading 1936 Unused Serialized files (Serialized files now loaded: 0)
System memory in use before: 83.2 MB.
System memory in use after: 83.3 MB.

Unloading 49 unused Assets to reduce memory usage. Loaded Objects now: 2369.
Total: 3.095200 ms (FindLiveObjects: 0.113300 ms CreateObjectMapping: 0.037800 ms MarkObjects: 2.924500 ms  DeleteObjects: 0.018800 ms)

AssetImportParameters requested are different than current active one (requested -> active):
  custom:framework-win-MediaFoundation: 216162199b28c13a410421893ffa2e32 -> 
  custom:video-decoder-ogg-theora: a1e56fd34408186e4bbccfd4996cb3dc -> 
  custom:container-muxer-webm: aa71ff27fc2769a1b78a27578f13a17b -> 
  custom:container-demuxer-webm: 4f35f7cbe854078d1ac9338744f61a02 -> 
  custom:container-demuxer-ogg: 62fdf1f143b41e24485cea50d1cbac27 -> 
  custom:video-encoder-webm-vp8: eb34c28f22e8b96e1ab97ce403110664 -> 
  custom:video-codec-MediaFoundation-h265: 746d11721c4dcdbdad8f713fa42b33f4 -> 
  custom:video-decoder-webm-vp8: 9c59270c3fd7afecdb556c50c9e8de78 -> 
  custom:audio-decoder-ogg-vorbis: bf7c407c2cedff20999df2af8eb42d56 -> 
  custom:audio-encoder-webm-vorbis: bf7c407c2cedff20999df2af8eb42d56 -> 
========================================================================
Received Prepare
Registering precompiled user dll's ...
Registered in 0.001886 seconds.
Begin MonoManager ReloadAssembly
Native extension for WindowsStandalone target not found
Refreshing native plugins compatible for Editor in 0.44 ms, found 2 plugins.
Preloading 0 native plugins for Editor in 0.00 ms.
Mono: successfully reloaded assembly
- Completed reload, in  0.644 seconds
Platform modules already initialized, skipping
Refreshing native plugins compatible for Editor in 0.46 ms, found 2 plugins.
Preloading 0 native plugins for Editor in 0.00 ms.
Unloading 1936 Unused Serialized files (Serialized files now loaded: 0)
System memory in use before: 83.2 MB.
System memory in use after: 83.3 MB.

Unloading 49 unused Assets to reduce memory usage. Loaded Objects now: 2372.
Total: 3.156900 ms (FindLiveObjects: 0.113900 ms CreateObjectMapping: 0.037000 ms MarkObjects: 2.983800 ms  DeleteObjects: 0.021300 ms)

AssetImportParameters requested are different than current active one (requested -> active):
  custom:framework-win-MediaFoundation: 216162199b28c13a410421893ffa2e32 -> 
  custom:video-decoder-ogg-theora: a1e56fd34408186e4bbccfd4996cb3dc -> 
  custom:container-muxer-webm: aa71ff27fc2769a1b78a27578f13a17b -> 
  custom:container-demuxer-webm: 4f35f7cbe854078d1ac9338744f61a02 -> 
  custom:container-demuxer-ogg: 62fdf1f143b41e24485cea50d1cbac27 -> 
  custom:video-encoder-webm-vp8: eb34c28f22e8b96e1ab97ce403110664 -> 
  custom:video-codec-MediaFoundation-h265: 746d11721c4dcdbdad8f713fa42b33f4 -> 
  custom:video-decoder-webm-vp8: 9c59270c3fd7afecdb556c50c9e8de78 -> 
  custom:audio-decoder-ogg-vorbis: bf7c407c2cedff20999df2af8eb42d56 -> 
  custom:audio-encoder-webm-vorbis: bf7c407c2cedff20999df2af8eb42d56 -> 
========================================================================
Received Prepare
Registering precompiled user dll's ...
Registered in 0.001847 seconds.
Begin MonoManager ReloadAssembly
Native extension for WindowsStandalone target not found
Refreshing native plugins compatible for Editor in 0.47 ms, found 2 plugins.
Preloading 0 native plugins for Editor in 0.00 ms.
Mono: successfully reloaded assembly
- Completed reload, in  0.654 seconds
Platform modules already initialized, skipping
Refreshing native plugins compatible for Editor in 0.48 ms, found 2 plugins.
Preloading 0 native plugins for Editor in 0.00 ms.
Unloading 1936 Unused Serialized files (Serialized files now loaded: 0)
System memory in use before: 83.2 MB.
System memory in use after: 83.3 MB.

Unloading 49 unused Assets to reduce memory usage. Loaded Objects now: 2375.
Total: 3.031600 ms (FindLiveObjects: 0.117400 ms CreateObjectMapping: 0.039100 ms MarkObjects: 2.854400 ms  DeleteObjects: 0.019700 ms)

AssetImportParameters requested are different than current active one (requested -> active):
  custom:framework-win-MediaFoundation: 216162199b28c13a410421893ffa2e32 -> 
  custom:video-decoder-ogg-theora: a1e56fd34408186e4bbccfd4996cb3dc -> 
  custom:container-muxer-webm: aa71ff27fc2769a1b78a27578f13a17b -> 
  custom:container-demuxer-webm: 4f35f7cbe854078d1ac9338744f61a02 -> 
  custom:container-demuxer-ogg: 62fdf1f143b41e24485cea50d1cbac27 -> 
  custom:video-encoder-webm-vp8: eb34c28f22e8b96e1ab97ce403110664 -> 
  custom:video-codec-MediaFoundation-h265: 746d11721c4dcdbdad8f713fa42b33f4 -> 
  custom:video-decoder-webm-vp8: 9c59270c3fd7afecdb556c50c9e8de78 -> 
  custom:audio-decoder-ogg-vorbis: bf7c407c2cedff20999df2af8eb42d56 -> 
  custom:audio-encoder-webm-vorbis: bf7c407c2cedff20999df2af8eb42d56 -> 
========================================================================
Received Prepare
Refreshing native plugins compatible for Editor in 5.48 ms, found 2 plugins.
Preloading 0 native plugins for Editor in 0.00 ms.
Unloading 47 Unused Serialized files (Serialized files now loaded: 0)
System memory in use before: 45.9 MB.
System memory in use after: 46.0 MB.

Unloading 47 unused Assets to reduce memory usage. Loaded Objects now: 2375.
Total: 3.571600 ms (FindLiveObjects: 0.116500 ms CreateObjectMapping: 0.036500 ms MarkObjects: 3.403300 ms  DeleteObjects: 0.014500 ms)

AssetImportParameters requested are different than current active one (requested -> active):
  custom:framework-win-MediaFoundation: 216162199b28c13a410421893ffa2e32 -> 
  custom:video-decoder-ogg-theora: a1e56fd34408186e4bbccfd4996cb3dc -> 
  custom:container-muxer-webm: aa71ff27fc2769a1b78a27578f13a17b -> 
  custom:container-demuxer-webm: 4f35f7cbe854078d1ac9338744f61a02 -> 
  custom:container-demuxer-ogg: 62fdf1f143b41e24485cea50d1cbac27 -> 
  custom:video-encoder-webm-vp8: eb34c28f22e8b96e1ab97ce403110664 -> 
  custom:video-codec-MediaFoundation-h265: 746d11721c4dcdbdad8f713fa42b33f4 -> 
  custom:video-decoder-webm-vp8: 9c59270c3fd7afecdb556c50c9e8de78 -> 
  custom:audio-decoder-ogg-vorbis: bf7c407c2cedff20999df2af8eb42d56 -> 
  custom:audio-encoder-webm-vorbis: bf7c407c2cedff20999df2af8eb42d56 -> 
========================================================================
Received Prepare
Refreshing native plugins compatible for Editor in 5.31 ms, found 2 plugins.
Preloading 0 native plugins for Editor in 0.00 ms.
Unloading 47 Unused Serialized files (Serialized files now loaded: 0)
System memory in use before: 45.9 MB.
System memory in use after: 46.0 MB.

Unloading 47 unused Assets to reduce memory usage. Loaded Objects now: 2375.
Total: 3.224400 ms (FindLiveObjects: 0.109500 ms CreateObjectMapping: 0.034700 ms MarkObjects: 3.056500 ms  DeleteObjects: 0.022500 ms)

AssetImportParameters requested are different than current active one (requested -> active):
  custom:framework-win-MediaFoundation: 216162199b28c13a410421893ffa2e32 -> 
  custom:video-decoder-ogg-theora: a1e56fd34408186e4bbccfd4996cb3dc -> 
  custom:container-muxer-webm: aa71ff27fc2769a1b78a27578f13a17b -> 
  custom:container-demuxer-webm: 4f35f7cbe854078d1ac9338744f61a02 -> 
  custom:container-demuxer-ogg: 62fdf1f143b41e24485cea50d1cbac27 -> 
  custom:video-encoder-webm-vp8: eb34c28f22e8b96e1ab97ce403110664 -> 
  custom:video-codec-MediaFoundation-h265: 746d11721c4dcdbdad8f713fa42b33f4 -> 
  custom:video-decoder-webm-vp8: 9c59270c3fd7afecdb556c50c9e8de78 -> 
  custom:audio-decoder-ogg-vorbis: bf7c407c2cedff20999df2af8eb42d56 -> 
  custom:audio-encoder-webm-vorbis: bf7c407c2cedff20999df2af8eb42d56 -> 
========================================================================
Received Prepare
Registering precompiled user dll's ...
Registered in 0.001900 seconds.
Begin MonoManager ReloadAssembly
Native extension for WindowsStandalone target not found
Refreshing native plugins compatible for Editor in 0.47 ms, found 2 plugins.
Preloading 0 native plugins for Editor in 0.00 ms.
Mono: successfully reloaded assembly
- Completed reload, in  0.631 seconds
Platform modules already initialized, skipping
Refreshing native plugins compatible for Editor in 0.48 ms, found 2 plugins.
Preloading 0 native plugins for Editor in 0.00 ms.
Unloading 1936 Unused Serialized files (Serialized files now loaded: 0)
System memory in use before: 83.2 MB.
System memory in use after: 83.4 MB.

Unloading 49 unused Assets to reduce memory usage. Loaded Objects now: 2378.
Total: 3.153400 ms (FindLiveObjects: 0.125400 ms CreateObjectMapping: 0.041200 ms MarkObjects: 2.964200 ms  DeleteObjects: 0.021600 ms)

AssetImportParameters requested are different than current active one (requested -> active):
  custom:framework-win-MediaFoundation: 216162199b28c13a410421893ffa2e32 -> 
  custom:video-decoder-ogg-theora: a1e56fd34408186e4bbccfd4996cb3dc -> 
  custom:container-muxer-webm: aa71ff27fc2769a1b78a27578f13a17b -> 
  custom:container-demuxer-webm: 4f35f7cbe854078d1ac9338744f61a02 -> 
  custom:container-demuxer-ogg: 62fdf1f143b41e24485cea50d1cbac27 -> 
  custom:video-encoder-webm-vp8: eb34c28f22e8b96e1ab97ce403110664 -> 
  custom:video-codec-MediaFoundation-h265: 746d11721c4dcdbdad8f713fa42b33f4 -> 
  custom:video-decoder-webm-vp8: 9c59270c3fd7afecdb556c50c9e8de78 -> 
  custom:audio-decoder-ogg-vorbis: bf7c407c2cedff20999df2af8eb42d56 -> 
  custom:audio-encoder-webm-vorbis: bf7c407c2cedff20999df2af8eb42d56 -> 
========================================================================
Received Prepare
Registering precompiled user dll's ...
Registered in 0.001981 seconds.
Begin MonoManager ReloadAssembly
Native extension for WindowsStandalone target not found
Refreshing native plugins compatible for Editor in 0.46 ms, found 2 plugins.
Preloading 0 native plugins for Editor in 0.00 ms.
Mono: successfully reloaded assembly
- Completed reload, in  0.621 seconds
Platform modules already initialized, skipping
Refreshing native plugins compatible for Editor in 0.46 ms, found 2 plugins.
Preloading 0 native plugins for Editor in 0.00 ms.
Unloading 1936 Unused Serialized files (Serialized files now loaded: 0)
System memory in use before: 83.2 MB.
System memory in use after: 83.4 MB.

Unloading 49 unused Assets to reduce memory usage. Loaded Objects now: 2381.
Total: 3.211900 ms (FindLiveObjects: 0.111400 ms CreateObjectMapping: 0.038600 ms MarkObjects: 3.042800 ms  DeleteObjects: 0.018300 ms)

AssetImportParameters requested are different than current active one (requested -> active):
  custom:framework-win-MediaFoundation: 216162199b28c13a410421893ffa2e32 -> 
  custom:video-decoder-ogg-theora: a1e56fd34408186e4bbccfd4996cb3dc -> 
  custom:container-muxer-webm: aa71ff27fc2769a1b78a27578f13a17b -> 
  custom:container-demuxer-webm: 4f35f7cbe854078d1ac9338744f61a02 -> 
  custom:container-demuxer-ogg: 62fdf1f143b41e24485cea50d1cbac27 -> 
  custom:video-encoder-webm-vp8: eb34c28f22e8b96e1ab97ce403110664 -> 
  custom:video-codec-MediaFoundation-h265: 746d11721c4dcdbdad8f713fa42b33f4 -> 
  custom:video-decoder-webm-vp8: 9c59270c3fd7afecdb556c50c9e8de78 -> 
  custom:audio-decoder-ogg-vorbis: bf7c407c2cedff20999df2af8eb42d56 -> 
  custom:audio-encoder-webm-vorbis: bf7c407c2cedff20999df2af8eb42d56 -> 
========================================================================
Received Prepare
Registering precompiled user dll's ...
Registered in 0.001848 seconds.
Begin MonoManager ReloadAssembly
Native extension for WindowsStandalone target not found
Refreshing native plugins compatible for Editor in 0.55 ms, found 2 plugins.
Preloading 0 native plugins for Editor in 0.00 ms.
Mono: successfully reloaded assembly
- Completed reload, in  0.617 seconds
Platform modules already initialized, skipping
Refreshing native plugins compatible for Editor in 0.47 ms, found 2 plugins.
Preloading 0 native plugins for Editor in 0.00 ms.
Unloading 1936 Unused Serialized files (Serialized files now loaded: 0)
System memory in use before: 83.3 MB.
System memory in use after: 83.4 MB.

Unloading 49 unused Assets to reduce memory usage. Loaded Objects now: 2384.
Total: 3.141000 ms (FindLiveObjects: 0.118900 ms CreateObjectMapping: 0.038800 ms MarkObjects: 2.962400 ms  DeleteObjects: 0.020000 ms)

AssetImportParameters requested are different than current active one (requested -> active):
  custom:framework-win-MediaFoundation: 216162199b28c13a410421893ffa2e32 -> 
  custom:video-decoder-ogg-theora: a1e56fd34408186e4bbccfd4996cb3dc -> 
  custom:container-muxer-webm: aa71ff27fc2769a1b78a27578f13a17b -> 
  custom:container-demuxer-webm: 4f35f7cbe854078d1ac9338744f61a02 -> 
  custom:container-demuxer-ogg: 62fdf1f143b41e24485cea50d1cbac27 -> 
  custom:video-encoder-webm-vp8: eb34c28f22e8b96e1ab97ce403110664 -> 
  custom:video-codec-MediaFoundation-h265: 746d11721c4dcdbdad8f713fa42b33f4 -> 
  custom:video-decoder-webm-vp8: 9c59270c3fd7afecdb556c50c9e8de78 -> 
  custom:audio-decoder-ogg-vorbis: bf7c407c2cedff20999df2af8eb42d56 -> 
  custom:audio-encoder-webm-vorbis: bf7c407c2cedff20999df2af8eb42d56 -> 
========================================================================
Received Prepare
Registering precompiled user dll's ...
Registered in 0.001850 seconds.
Begin MonoManager ReloadAssembly
Native extension for WindowsStandalone target not found
Refreshing native plugins compatible for Editor in 0.46 ms, found 2 plugins.
Preloading 0 native plugins for Editor in 0.00 ms.
Mono: successfully reloaded assembly
- Completed reload, in  0.636 seconds
Platform modules already initialized, skipping
Refreshing native plugins compatible for Editor in 0.47 ms, found 2 plugins.
Preloading 0 native plugins for Editor in 0.00 ms.
Unloading 1936 Unused Serialized files (Serialized files now loaded: 0)
System memory in use before: 83.3 MB.
System memory in use after: 83.4 MB.

Unloading 49 unused Assets to reduce memory usage. Loaded Objects now: 2387.
Total: 3.128900 ms (FindLiveObjects: 0.115600 ms CreateObjectMapping: 0.037400 ms MarkObjects: 2.954800 ms  DeleteObjects: 0.019800 ms)

AssetImportParameters requested are different than current active one (requested -> active):
  custom:framework-win-MediaFoundation: 216162199b28c13a410421893ffa2e32 -> 
  custom:video-decoder-ogg-theora: a1e56fd34408186e4bbccfd4996cb3dc -> 
  custom:container-muxer-webm: aa71ff27fc2769a1b78a27578f13a17b -> 
  custom:container-demuxer-webm: 4f35f7cbe854078d1ac9338744f61a02 -> 
  custom:container-demuxer-ogg: 62fdf1f143b41e24485cea50d1cbac27 -> 
  custom:video-encoder-webm-vp8: eb34c28f22e8b96e1ab97ce403110664 -> 
  custom:video-codec-MediaFoundation-h265: 746d11721c4dcdbdad8f713fa42b33f4 -> 
  custom:video-decoder-webm-vp8: 9c59270c3fd7afecdb556c50c9e8de78 -> 
  custom:audio-decoder-ogg-vorbis: bf7c407c2cedff20999df2af8eb42d56 -> 
  custom:audio-encoder-webm-vorbis: bf7c407c2cedff20999df2af8eb42d56 -> 
========================================================================
Received Prepare
Registering precompiled user dll's ...
Registered in 0.001976 seconds.
Begin MonoManager ReloadAssembly
Native extension for WindowsStandalone target not found
Refreshing native plugins compatible for Editor in 0.47 ms, found 2 plugins.
Preloading 0 native plugins for Editor in 0.00 ms.
Mono: successfully reloaded assembly
- Completed reload, in  0.636 seconds
Platform modules already initialized, skipping
Refreshing native plugins compatible for Editor in 0.47 ms, found 2 plugins.
Preloading 0 native plugins for Editor in 0.00 ms.
Unloading 1936 Unused Serialized files (Serialized files now loaded: 0)
System memory in use before: 83.3 MB.
System memory in use after: 83.4 MB.

Unloading 49 unused Assets to reduce memory usage. Loaded Objects now: 2390.
Total: 3.147500 ms (FindLiveObjects: 0.119700 ms CreateObjectMapping: 0.037100 ms MarkObjects: 2.969500 ms  DeleteObjects: 0.020200 ms)

AssetImportParameters requested are different than current active one (requested -> active):
  custom:framework-win-MediaFoundation: 216162199b28c13a410421893ffa2e32 -> 
  custom:video-decoder-ogg-theora: a1e56fd34408186e4bbccfd4996cb3dc -> 
  custom:container-muxer-webm: aa71ff27fc2769a1b78a27578f13a17b -> 
  custom:container-demuxer-webm: 4f35f7cbe854078d1ac9338744f61a02 -> 
  custom:container-demuxer-ogg: 62fdf1f143b41e24485cea50d1cbac27 -> 
  custom:video-encoder-webm-vp8: eb34c28f22e8b96e1ab97ce403110664 -> 
  custom:video-codec-MediaFoundation-h265: 746d11721c4dcdbdad8f713fa42b33f4 -> 
  custom:video-decoder-webm-vp8: 9c59270c3fd7afecdb556c50c9e8de78 -> 
  custom:audio-decoder-ogg-vorbis: bf7c407c2cedff20999df2af8eb42d56 -> 
  custom:audio-encoder-webm-vorbis: bf7c407c2cedff20999df2af8eb42d56 -> 
========================================================================
Received Prepare
Registering precompiled user dll's ...
Registered in 0.001934 seconds.
Begin MonoManager ReloadAssembly
Native extension for WindowsStandalone target not found
Refreshing native plugins compatible for Editor in 0.49 ms, found 2 plugins.
Preloading 0 native plugins for Editor in 0.00 ms.
Mono: successfully reloaded assembly
- Completed reload, in  0.653 seconds
Platform modules already initialized, skipping
Refreshing native plugins compatible for Editor in 0.49 ms, found 2 plugins.
Preloading 0 native plugins for Editor in 0.00 ms.
Unloading 1936 Unused Serialized files (Serialized files now loaded: 0)
System memory in use before: 83.3 MB.
System memory in use after: 83.4 MB.

Unloading 49 unused Assets to reduce memory usage. Loaded Objects now: 2393.
Total: 3.360600 ms (FindLiveObjects: 0.154500 ms CreateObjectMapping: 0.055100 ms MarkObjects: 3.123000 ms  DeleteObjects: 0.026900 ms)

AssetImportParameters requested are different than current active one (requested -> active):
  custom:framework-win-MediaFoundation: 216162199b28c13a410421893ffa2e32 -> 
  custom:video-decoder-ogg-theora: a1e56fd34408186e4bbccfd4996cb3dc -> 
  custom:container-muxer-webm: aa71ff27fc2769a1b78a27578f13a17b -> 
  custom:container-demuxer-webm: 4f35f7cbe854078d1ac9338744f61a02 -> 
  custom:container-demuxer-ogg: 62fdf1f143b41e24485cea50d1cbac27 -> 
  custom:video-encoder-webm-vp8: eb34c28f22e8b96e1ab97ce403110664 -> 
  custom:video-codec-MediaFoundation-h265: 746d11721c4dcdbdad8f713fa42b33f4 -> 
  custom:video-decoder-webm-vp8: 9c59270c3fd7afecdb556c50c9e8de78 -> 
  custom:audio-decoder-ogg-vorbis: bf7c407c2cedff20999df2af8eb42d56 -> 
  custom:audio-encoder-webm-vorbis: bf7c407c2cedff20999df2af8eb42d56 -> 
========================================================================
Received Prepare
Registering precompiled user dll's ...
Registered in 0.001886 seconds.
Begin MonoManager ReloadAssembly
Native extension for WindowsStandalone target not found
Refreshing native plugins compatible for Editor in 0.48 ms, found 2 plugins.
Preloading 0 native plugins for Editor in 0.00 ms.
Mono: successfully reloaded assembly
- Completed reload, in  0.653 seconds
Platform modules already initialized, skipping
Refreshing native plugins compatible for Editor in 0.47 ms, found 2 plugins.
Preloading 0 native plugins for Editor in 0.00 ms.
Unloading 1936 Unused Serialized files (Serialized files now loaded: 0)
System memory in use before: 83.3 MB.
System memory in use after: 83.4 MB.

Unloading 49 unused Assets to reduce memory usage. Loaded Objects now: 2396.
Total: 3.080700 ms (FindLiveObjects: 0.115900 ms CreateObjectMapping: 0.037500 ms MarkObjects: 2.906000 ms  DeleteObjects: 0.020400 ms)

AssetImportParameters requested are different than current active one (requested -> active):
  custom:framework-win-MediaFoundation: 216162199b28c13a410421893ffa2e32 -> 
  custom:video-decoder-ogg-theora: a1e56fd34408186e4bbccfd4996cb3dc -> 
  custom:container-muxer-webm: aa71ff27fc2769a1b78a27578f13a17b -> 
  custom:container-demuxer-webm: 4f35f7cbe854078d1ac9338744f61a02 -> 
  custom:container-demuxer-ogg: 62fdf1f143b41e24485cea50d1cbac27 -> 
  custom:video-encoder-webm-vp8: eb34c28f22e8b96e1ab97ce403110664 -> 
  custom:video-codec-MediaFoundation-h265: 746d11721c4dcdbdad8f713fa42b33f4 -> 
  custom:video-decoder-webm-vp8: 9c59270c3fd7afecdb556c50c9e8de78 -> 
  custom:audio-decoder-ogg-vorbis: bf7c407c2cedff20999df2af8eb42d56 -> 
  custom:audio-encoder-webm-vorbis: bf7c407c2cedff20999df2af8eb42d56 -> 
========================================================================
Received Prepare
Registering precompiled user dll's ...
Registered in 0.001834 seconds.
Begin MonoManager ReloadAssembly
Native extension for WindowsStandalone target not found
Refreshing native plugins compatible for Editor in 0.50 ms, found 2 plugins.
Preloading 0 native plugins for Editor in 0.00 ms.
Mono: successfully reloaded assembly
- Completed reload, in  0.628 seconds
Platform modules already initialized, skipping
Refreshing native plugins compatible for Editor in 0.45 ms, found 2 plugins.
Preloading 0 native plugins for Editor in 0.00 ms.
Unloading 1936 Unused Serialized files (Serialized files now loaded: 0)
System memory in use before: 83.3 MB.
System memory in use after: 83.4 MB.

Unloading 49 unused Assets to reduce memory usage. Loaded Objects now: 2399.
Total: 3.318300 ms (FindLiveObjects: 0.136200 ms CreateObjectMapping: 0.040800 ms MarkObjects: 3.116500 ms  DeleteObjects: 0.023700 ms)

AssetImportParameters requested are different than current active one (requested -> active):
  custom:framework-win-MediaFoundation: 216162199b28c13a410421893ffa2e32 -> 
  custom:video-decoder-ogg-theora: a1e56fd34408186e4bbccfd4996cb3dc -> 
  custom:container-muxer-webm: aa71ff27fc2769a1b78a27578f13a17b -> 
  custom:container-demuxer-webm: 4f35f7cbe854078d1ac9338744f61a02 -> 
  custom:container-demuxer-ogg: 62fdf1f143b41e24485cea50d1cbac27 -> 
  custom:video-encoder-webm-vp8: eb34c28f22e8b96e1ab97ce403110664 -> 
  custom:video-codec-MediaFoundation-h265: 746d11721c4dcdbdad8f713fa42b33f4 -> 
  custom:video-decoder-webm-vp8: 9c59270c3fd7afecdb556c50c9e8de78 -> 
  custom:audio-decoder-ogg-vorbis: bf7c407c2cedff20999df2af8eb42d56 -> 
  custom:audio-encoder-webm-vorbis: bf7c407c2cedff20999df2af8eb42d56 -> 
========================================================================
Received Prepare
Registering precompiled user dll's ...
Registered in 0.001935 seconds.
Begin MonoManager ReloadAssembly
Native extension for WindowsStandalone target not found
Refreshing native plugins compatible for Editor in 0.47 ms, found 2 plugins.
Preloading 0 native plugins for Editor in 0.00 ms.
Mono: successfully reloaded assembly
- Completed reload, in  0.659 seconds
Platform modules already initialized, skipping
Refreshing native plugins compatible for Editor in 0.51 ms, found 2 plugins.
Preloading 0 native plugins for Editor in 0.00 ms.
Unloading 1936 Unused Serialized files (Serialized files now loaded: 0)
System memory in use before: 83.3 MB.
System memory in use after: 83.4 MB.

Unloading 49 unused Assets to reduce memory usage. Loaded Objects now: 2402.
Total: 3.666300 ms (FindLiveObjects: 0.165000 ms CreateObjectMapping: 0.049200 ms MarkObjects: 3.423700 ms  DeleteObjects: 0.026400 ms)

AssetImportParameters requested are different than current active one (requested -> active):
  custom:framework-win-MediaFoundation: 216162199b28c13a410421893ffa2e32 -> 
  custom:video-decoder-ogg-theora: a1e56fd34408186e4bbccfd4996cb3dc -> 
  custom:container-muxer-webm: aa71ff27fc2769a1b78a27578f13a17b -> 
  custom:container-demuxer-webm: 4f35f7cbe854078d1ac9338744f61a02 -> 
  custom:container-demuxer-ogg: 62fdf1f143b41e24485cea50d1cbac27 -> 
  custom:video-encoder-webm-vp8: eb34c28f22e8b96e1ab97ce403110664 -> 
  custom:video-codec-MediaFoundation-h265: 746d11721c4dcdbdad8f713fa42b33f4 -> 
  custom:video-decoder-webm-vp8: 9c59270c3fd7afecdb556c50c9e8de78 -> 
  custom:audio-decoder-ogg-vorbis: bf7c407c2cedff20999df2af8eb42d56 -> 
  custom:audio-encoder-webm-vorbis: bf7c407c2cedff20999df2af8eb42d56 -> 
AssetImportWorkerClient::OnTransportError - code=2 error=End of file
